<?xml version="1.0" encoding="utf-8"?><testsuites name="pytest tests"><testsuite name="pytest" errors="0" failures="0" skipped="11" tests="78" time="11.643" timestamp="2025-08-20T09:50:58.195973-06:00" hostname="ArchLinux"><testcase classname="tests.integration.test_api_integration.TestAPIIntegration" name="test_api_documentation_endpoints" time="0.063" /><testcase classname="tests.integration.test_api_integration.TestAPIIntegration" name="test_sequential_extractions" time="0.075" /><testcase classname="tests.integration.test_api_integration.TestAPIIntegration" name="test_error_response_format" time="0.044" /><testcase classname="tests.integration.test_api_integration.TestAPIIntegration" name="test_response_time_performance" time="0.001"><skipped type="pytest.skip" message="Performance tests skipped (use --run-performance to run)">/home/zatra/Interviews/python/tests/integration/conftest.py:142: Performance tests skipped (use --run-performance to run)</skipped></testcase><testcase classname="tests.integration.test_api_integration.TestAPIIntegration" name="test_api_state_persistence" time="0.045" /><testcase classname="tests.integration.test_api_workflow.TestAPIWorkflowIntegration" name="test_complete_single_number_workflow" time="0.059" /><testcase classname="tests.integration.test_api_workflow.TestAPIWorkflowIntegration" name="test_multiple_extractions_workflow" time="0.074" /><testcase classname="tests.integration.test_api_workflow.TestAPIWorkflowIntegration" name="test_error_recovery_workflow" time="0.083" /><testcase classname="tests.integration.test_api_workflow.TestAPIWorkflowIntegration" name="test_boundary_values_workflow" time="0.070" /><testcase classname="tests.integration.test_api_workflow.TestAPIWorkflowIntegration" name="test_performance_workflow" time="0.001"><skipped type="pytest.skip" message="Performance tests skipped (use --run-performance to run)">/home/zatra/Interviews/python/tests/integration/conftest.py:142: Performance tests skipped (use --run-performance to run)</skipped></testcase><testcase classname="tests.integration.test_api_workflow.TestAPIWorkflowIntegration" name="test_concurrent_api_access" time="0.001"><skipped type="pytest.skip" message="Slow tests skipped (use --run-slow to run)">/home/zatra/Interviews/python/tests/integration/conftest.py:147: Slow tests skipped (use --run-slow to run)</skipped></testcase><testcase classname="tests.integration.test_api_workflow.TestAPIWorkflowIntegration" name="test_api_state_persistence_across_requests" time="0.066" /><testcase classname="tests.integration.test_api_workflow.TestAPIWorkflowIntegration" name="test_api_documentation_and_schema_validation" time="0.029" /><testcase classname="tests.integration.test_api_workflow.TestAPIWorkflowIntegration" name="test_complete_user_scenario_workflow" time="0.062" /><testcase classname="tests.integration.test_api_workflow.TestNumberSetIntegration" name="test_number_set_mathematical_correctness" time="0.018" /><testcase classname="tests.integration.test_api_workflow.TestNumberSetIntegration" name="test_number_set_edge_cases" time="0.043" /><testcase classname="tests.integration.test_api_workflow.TestNumberSetIntegration" name="test_number_set_state_consistency" time="0.010" /><testcase classname="tests.integration.test_api_workflow.TestNumberSetIntegration" name="test_number_set_performance_characteristics" time="0.001"><skipped type="pytest.skip" message="Performance tests skipped (use --run-performance to run)">/home/zatra/Interviews/python/tests/integration/conftest.py:142: Performance tests skipped (use --run-performance to run)</skipped></testcase><testcase classname="tests.integration.test_api_workflow.TestNumberSetIntegration" name="test_number_set_memory_efficiency" time="1.142" /><testcase classname="tests.integration.test_api_workflow.TestAPIIntegrationWithRealScenarios" name="test_demo_scenario_workflow" time="0.036" /><testcase classname="tests.integration.test_api_workflow.TestAPIIntegrationWithRealScenarios" name="test_multiple_demo_runs" time="0.125" /><testcase classname="tests.integration.test_api_workflow.TestAPIIntegrationWithRealScenarios" name="test_error_handling_in_demo_scenario" time="0.100" /><testcase classname="tests.integration.test_api_workflow.TestAPIIntegrationWithRealScenarios" name="test_api_robustness_under_stress" time="0.001"><skipped type="pytest.skip" message="Slow tests skipped (use --run-slow to run)">/home/zatra/Interviews/python/tests/integration/conftest.py:147: Slow tests skipped (use --run-slow to run)</skipped></testcase><testcase classname="tests.integration.test_cli_integration.TestCLIIntegration" name="test_cli_benchmark_accuracy" time="0.504" /><testcase classname="tests.integration.test_cli_integration.TestCLIIntegration" name="test_cli_demo_mode_comprehensive" time="0.286" /><testcase classname="tests.integration.test_cli_integration.TestCLIIntegration" name="test_cli_error_handling_matches_api" time="0.260" /><testcase classname="tests.integration.test_cli_integration.TestCLIIntegration" name="test_cli_multiple_extractions_handling" time="0.235" /><testcase classname="tests.integration.test_cli_integration.TestCLIIntegration" name="test_cli_performance_consistency" time="0.000"><skipped type="pytest.skip" message="Performance tests skipped (use --run-performance to run)">/home/zatra/Interviews/python/tests/integration/conftest.py:142: Performance tests skipped (use --run-performance to run)</skipped></testcase><testcase classname="tests.integration.test_cli_integration.TestCLIIntegration" name="test_cli_validation_integration" time="0.791" /><testcase classname="tests.integration.test_cli_integration.TestCLIIntegration" name="test_cli_with_api_number_set_integration" time="0.296" /><testcase classname="tests.integration.test_cli_integration.TestCLIIntegration" name="test_cli_with_different_number_ranges" time="1.049" /><testcase classname="tests.integration.test_cli_integration.TestCLIWorkflow" name="test_complete_demonstration_workflow" time="0.254" /><testcase classname="tests.integration.test_cli_integration.TestCLIWorkflow" name="test_demonstration_shows_correctness" time="0.322" /><testcase classname="tests.integration.test_cli_integration.TestCLIWorkflow" name="test_extracted_number_identification_workflow" time="1.609" /><testcase classname="tests.integration.test_cli_integration.TestCLIWorkflow" name="test_user_argument_acceptance_workflow" time="1.474" /><testcase classname="tests.integration.test_complete_pipeline.TestCompletePipelineIntegration" name="test_csv_data_validation_integration" time="0.011" /><testcase classname="tests.integration.test_complete_pipeline.TestCompletePipelineIntegration" name="test_data_loader_csv_reading_integration" time="0.028" /><testcase classname="tests.integration.test_complete_pipeline.TestCompletePipelineIntegration" name="test_data_extractor_integration" time="0.202" /><testcase classname="tests.integration.test_complete_pipeline.TestCompletePipelineIntegration" name="test_component_integration_basic" time="0.001" /><testcase classname="tests.integration.test_complete_pipeline.TestPipelinePerformance" name="test_csv_processing_performance" time="0.000"><skipped type="pytest.skip" message="Performance tests skipped (use --run-performance to run)">/home/zatra/Interviews/python/tests/integration/conftest.py:142: Performance tests skipped (use --run-performance to run)</skipped></testcase><testcase classname="tests.integration.test_complete_pipeline.TestPipelinePerformance" name="test_large_data_generation_performance" time="0.000"><skipped type="pytest.skip" message="Performance tests skipped (use --run-performance to run)">/home/zatra/Interviews/python/tests/integration/conftest.py:142: Performance tests skipped (use --run-performance to run)</skipped></testcase><testcase classname="tests.integration.test_data_loader_integration.TestDataLoaderIntegration" name="test_read_csv_file_integration" time="0.008" /><testcase classname="tests.integration.test_data_loader_integration.TestDataLoaderIntegration" name="test_validate_data_integrity_integration" time="0.013" /><testcase classname="tests.integration.test_data_loader_integration.TestDataLoaderIntegration" name="test_validate_data_with_errors_integration" time="0.015" /><testcase classname="tests.integration.test_data_loader_integration.TestDataLoaderIntegration" name="test_row_conversion_integration" time="0.017" /><testcase classname="tests.integration.test_data_loader_integration.TestDataLoaderIntegration" name="test_load_csv_to_database_integration" time="0.022" /><testcase classname="tests.integration.test_error_scenarios.TestAPIErrorScenarios" name="test_extract_number_out_of_range_low" time="0.010" /><testcase classname="tests.integration.test_error_scenarios.TestAPIErrorScenarios" name="test_extract_number_out_of_range_high" time="0.008" /><testcase classname="tests.integration.test_error_scenarios.TestAPIErrorScenarios" name="test_extract_number_already_extracted" time="0.020" /><testcase classname="tests.integration.test_error_scenarios.TestAPIErrorScenarios" name="test_get_missing_number_no_extractions" time="0.013" /><testcase classname="tests.integration.test_error_scenarios.TestAPIErrorScenarios" name="test_get_missing_number_multiple_extractions" time="0.025" /><testcase classname="tests.integration.test_error_scenarios.TestAPIErrorScenarios" name="test_extract_invalid_number_type" time="0.007" /><testcase classname="tests.integration.test_error_scenarios.TestAPIErrorScenarios" name="test_api_request_validation_error" time="0.007" /><testcase classname="tests.integration.test_error_scenarios.TestAPIErrorScenarios" name="test_api_successful_workflow" time="0.023" /><testcase classname="tests.integration.test_error_scenarios.TestDataProcessingErrorScenarios" name="test_data_loader_file_not_found" time="0.002" /><testcase classname="tests.integration.test_error_scenarios.TestDataProcessingErrorScenarios" name="test_data_loader_invalid_csv_format" time="0.005" /><testcase classname="tests.integration.test_error_scenarios.TestDataProcessingErrorScenarios" name="test_data_loader_empty_csv" time="0.004" /><testcase classname="tests.integration.test_error_scenarios.TestDataProcessingErrorScenarios" name="test_data_loader_malformed_csv" time="0.016" /><testcase classname="tests.integration.test_error_scenarios.TestDataProcessingErrorScenarios" name="test_data_loader_database_connection_error" time="0.016" /><testcase classname="tests.integration.test_error_scenarios.TestDataProcessingErrorScenarios" name="test_data_extractor_invalid_output_path" time="0.003" /><testcase classname="tests.integration.test_error_scenarios.TestDataProcessingErrorScenarios" name="test_data_extractor_unsupported_format" time="0.002" /><testcase classname="tests.integration.test_error_scenarios.TestDataProcessingErrorScenarios" name="test_data_extractor_database_error" time="0.005" /><testcase classname="tests.integration.test_error_scenarios.TestDataProcessingErrorScenarios" name="test_data_transformer_database_error" time="0.004" /><testcase classname="tests.integration.test_error_scenarios.TestDataProcessingErrorScenarios" name="test_data_transformer_no_raw_data" time="0.007" /><testcase classname="tests.integration.test_error_scenarios.TestDatabaseErrorScenarios" name="test_database_connection_creation_error" time="0.001" /><testcase classname="tests.integration.test_error_scenarios.TestDatabaseErrorScenarios" name="test_database_session_error" time="0.003" /><testcase classname="tests.integration.test_error_scenarios.TestDatabaseErrorScenarios" name="test_database_transaction_error" time="0.003" /><testcase classname="tests.integration.test_error_scenarios.TestDatabaseErrorScenarios" name="test_database_manager_connection_test_failure" time="0.004" /><testcase classname="tests.integration.test_error_scenarios.TestDatabaseErrorScenarios" name="test_database_manager_schema_creation_error" time="0.004" /><testcase classname="tests.integration.test_error_scenarios.TestEdgeCases" name="test_number_set_boundary_values" time="0.004" /><testcase classname="tests.integration.test_error_scenarios.TestEdgeCases" name="test_number_set_custom_max_number" time="0.004" /><testcase classname="tests.integration.test_error_scenarios.TestEdgeCases" name="test_validation_edge_cases" time="0.001" /><testcase classname="tests.integration.test_error_scenarios.TestEdgeCases" name="test_concurrent_number_extraction" time="0.001"><skipped type="pytest.skip" message="Slow tests skipped (use --run-slow to run)">/home/zatra/Interviews/python/tests/integration/conftest.py:147: Slow tests skipped (use --run-slow to run)</skipped></testcase><testcase classname="tests.integration.test_error_scenarios.TestEdgeCases" name="test_large_dataset_simulation" time="0.000"><skipped type="pytest.skip" message="Slow tests skipped (use --run-slow to run)">/home/zatra/Interviews/python/tests/integration/conftest.py:147: Slow tests skipped (use --run-slow to run)</skipped></testcase><testcase classname="tests.integration.test_error_scenarios.TestEdgeCases" name="test_memory_efficiency_with_large_sets" time="0.000"><skipped type="pytest.skip" message="Slow tests skipped (use --run-slow to run)">/home/zatra/Interviews/python/tests/integration/conftest.py:147: Slow tests skipped (use --run-slow to run)</skipped></testcase><testcase classname="tests.integration.test_error_scenarios.TestErrorRecovery" name="test_api_error_recovery" time="0.022" /><testcase classname="tests.integration.test_error_scenarios.TestErrorRecovery" name="test_database_connection_recovery" time="0.002" /><testcase classname="tests.integration.test_error_scenarios.TestErrorRecovery" name="test_validation_error_accumulation" time="0.007" /></testsuite></testsuites>